mode: set
github.com/Ralphbaer/hubla/backend/transaction/usecase/seller.go:18.115,22.2 2 0
github.com/Ralphbaer/hubla/backend/transaction/usecase/transaction.file.go:19.127,20.33 1 0
github.com/Ralphbaer/hubla/backend/transaction/usecase/transaction.file.go:20.33,27.75 2 0
github.com/Ralphbaer/hubla/backend/transaction/usecase/transaction.file.go:27.75,29.4 1 0
github.com/Ralphbaer/hubla/backend/transaction/usecase/transaction.file.go:32.2,32.12 1 0
github.com/Ralphbaer/hubla/backend/transaction/usecase/transaction.file.go:35.113,41.16 5 0
github.com/Ralphbaer/hubla/backend/transaction/usecase/transaction.file.go:41.16,43.3 1 0
github.com/Ralphbaer/hubla/backend/transaction/usecase/transaction.file.go:45.2,45.38 1 0
github.com/Ralphbaer/hubla/backend/transaction/usecase/transaction.file.go:45.38,47.17 2 0
github.com/Ralphbaer/hubla/backend/transaction/usecase/transaction.file.go:47.17,49.4 1 0
github.com/Ralphbaer/hubla/backend/transaction/usecase/transaction.file.go:50.3,50.51 1 0
github.com/Ralphbaer/hubla/backend/transaction/usecase/transaction.file.go:53.2,53.26 1 0
github.com/Ralphbaer/hubla/backend/transaction/usecase/transaction.file.go:56.81,60.21 3 1
github.com/Ralphbaer/hubla/backend/transaction/usecase/transaction.file.go:60.21,62.3 1 1
github.com/Ralphbaer/hubla/backend/transaction/usecase/transaction.file.go:64.2,64.38 1 1
github.com/Ralphbaer/hubla/backend/transaction/usecase/transaction.file.go:64.38,66.3 1 0
github.com/Ralphbaer/hubla/backend/transaction/usecase/transaction.file.go:68.2,68.19 1 1
github.com/Ralphbaer/hubla/backend/transaction/usecase/transaction.file.go:71.174,73.16 2 0
github.com/Ralphbaer/hubla/backend/transaction/usecase/transaction.file.go:73.16,78.3 1 0
github.com/Ralphbaer/hubla/backend/transaction/usecase/transaction.file.go:80.2,81.16 2 0
github.com/Ralphbaer/hubla/backend/transaction/usecase/transaction.file.go:81.16,83.3 1 0
github.com/Ralphbaer/hubla/backend/transaction/usecase/transaction.file.go:85.2,85.25 1 0
github.com/Ralphbaer/hubla/backend/transaction/usecase/transaction.file.go:88.57,89.20 1 1
github.com/Ralphbaer/hubla/backend/transaction/usecase/transaction.file.go:89.20,91.3 1 0
github.com/Ralphbaer/hubla/backend/transaction/usecase/transaction.file.go:93.2,95.16 3 1
github.com/Ralphbaer/hubla/backend/transaction/usecase/transaction.file.go:95.16,97.3 1 0
github.com/Ralphbaer/hubla/backend/transaction/usecase/transaction.file.go:98.2,99.9 2 1
github.com/Ralphbaer/hubla/backend/transaction/usecase/transaction.file.go:99.9,101.3 1 1
github.com/Ralphbaer/hubla/backend/transaction/usecase/transaction.file.go:103.2,104.16 2 1
github.com/Ralphbaer/hubla/backend/transaction/usecase/transaction.file.go:104.16,106.3 1 1
github.com/Ralphbaer/hubla/backend/transaction/usecase/transaction.file.go:108.2,111.16 3 1
github.com/Ralphbaer/hubla/backend/transaction/usecase/transaction.file.go:111.16,113.3 1 1
github.com/Ralphbaer/hubla/backend/transaction/usecase/transaction.file.go:115.2,116.26 2 1
github.com/Ralphbaer/hubla/backend/transaction/usecase/transaction.file.go:116.26,118.3 1 1
github.com/Ralphbaer/hubla/backend/transaction/usecase/transaction.file.go:120.2,127.8 1 1
github.com/Ralphbaer/hubla/backend/transaction/usecase/transaction.go:25.114,29.16 3 0
github.com/Ralphbaer/hubla/backend/transaction/usecase/transaction.go:29.16,31.3 1 0
github.com/Ralphbaer/hubla/backend/transaction/usecase/transaction.go:33.2,33.21 1 0
github.com/Ralphbaer/hubla/backend/transaction/usecase/transaction.go:37.112,42.16 4 0
github.com/Ralphbaer/hubla/backend/transaction/usecase/transaction.go:42.16,44.3 1 0
github.com/Ralphbaer/hubla/backend/transaction/usecase/transaction.go:46.2,54.59 2 0
github.com/Ralphbaer/hubla/backend/transaction/usecase/transaction.go:54.59,55.54 1 0
github.com/Ralphbaer/hubla/backend/transaction/usecase/transaction.go:55.54,60.4 1 0
github.com/Ralphbaer/hubla/backend/transaction/usecase/transaction.go:61.3,61.17 1 0
github.com/Ralphbaer/hubla/backend/transaction/usecase/transaction.go:64.2,64.20 1 0
github.com/Ralphbaer/hubla/backend/transaction/usecase/transaction.go:67.113,71.16 3 0
github.com/Ralphbaer/hubla/backend/transaction/usecase/transaction.go:71.16,73.3 1 0
github.com/Ralphbaer/hubla/backend/transaction/usecase/transaction.go:75.2,75.26 1 0
github.com/Ralphbaer/hubla/backend/transaction/usecase/transaction.go:78.190,80.16 2 0
github.com/Ralphbaer/hubla/backend/transaction/usecase/transaction.go:80.16,82.3 1 0
github.com/Ralphbaer/hubla/backend/transaction/usecase/transaction.go:84.2,85.16 2 0
github.com/Ralphbaer/hubla/backend/transaction/usecase/transaction.go:85.16,87.3 1 0
github.com/Ralphbaer/hubla/backend/transaction/usecase/transaction.go:89.2,90.16 2 0
github.com/Ralphbaer/hubla/backend/transaction/usecase/transaction.go:90.16,92.3 1 0
github.com/Ralphbaer/hubla/backend/transaction/usecase/transaction.go:94.2,94.34 1 0
github.com/Ralphbaer/hubla/backend/transaction/usecase/transaction.go:94.34,96.3 1 0
github.com/Ralphbaer/hubla/backend/transaction/usecase/transaction.go:98.2,99.16 2 0
github.com/Ralphbaer/hubla/backend/transaction/usecase/transaction.go:99.16,101.3 1 0
github.com/Ralphbaer/hubla/backend/transaction/usecase/transaction.go:103.2,103.15 1 0
github.com/Ralphbaer/hubla/backend/transaction/usecase/transaction.go:106.143,116.66 2 0
github.com/Ralphbaer/hubla/backend/transaction/usecase/transaction.go:116.66,118.3 1 0
github.com/Ralphbaer/hubla/backend/transaction/usecase/transaction.go:120.2,120.25 1 0
github.com/Ralphbaer/hubla/backend/transaction/usecase/transaction.product.go:10.161,12.16 2 0
github.com/Ralphbaer/hubla/backend/transaction/usecase/transaction.product.go:12.16,14.3 1 0
github.com/Ralphbaer/hubla/backend/transaction/usecase/transaction.product.go:15.2,15.20 1 0
github.com/Ralphbaer/hubla/backend/transaction/usecase/transaction.product.go:15.20,17.17 2 0
github.com/Ralphbaer/hubla/backend/transaction/usecase/transaction.product.go:17.17,19.4 1 0
github.com/Ralphbaer/hubla/backend/transaction/usecase/transaction.product.go:20.3,20.34 1 0
github.com/Ralphbaer/hubla/backend/transaction/usecase/transaction.product.go:23.2,23.21 1 0
github.com/Ralphbaer/hubla/backend/transaction/usecase/transaction.product.go:26.136,27.52 1 0
github.com/Ralphbaer/hubla/backend/transaction/usecase/transaction.product.go:27.52,29.3 1 0
github.com/Ralphbaer/hubla/backend/transaction/usecase/transaction.product.go:30.2,31.16 2 0
github.com/Ralphbaer/hubla/backend/transaction/usecase/transaction.product.go:31.16,33.3 1 0
github.com/Ralphbaer/hubla/backend/transaction/usecase/transaction.product.go:34.2,34.20 1 0
github.com/Ralphbaer/hubla/backend/transaction/usecase/transaction.product.go:34.20,36.3 1 0
github.com/Ralphbaer/hubla/backend/transaction/usecase/transaction.product.go:38.2,38.21 1 0
github.com/Ralphbaer/hubla/backend/transaction/usecase/transaction.product.go:41.123,47.58 2 0
github.com/Ralphbaer/hubla/backend/transaction/usecase/transaction.product.go:47.58,49.3 1 0
github.com/Ralphbaer/hubla/backend/transaction/usecase/transaction.product.go:51.2,51.21 1 0
github.com/Ralphbaer/hubla/backend/transaction/usecase/transaction.seller.go:11.168,13.16 2 0
github.com/Ralphbaer/hubla/backend/transaction/usecase/transaction.seller.go:13.16,15.3 1 0
github.com/Ralphbaer/hubla/backend/transaction/usecase/transaction.seller.go:16.2,16.20 1 0
github.com/Ralphbaer/hubla/backend/transaction/usecase/transaction.seller.go:16.20,18.17 2 0
github.com/Ralphbaer/hubla/backend/transaction/usecase/transaction.seller.go:18.17,20.4 1 0
github.com/Ralphbaer/hubla/backend/transaction/usecase/transaction.seller.go:21.3,21.28 1 0
github.com/Ralphbaer/hubla/backend/transaction/usecase/transaction.seller.go:24.2,24.34 1 0
github.com/Ralphbaer/hubla/backend/transaction/usecase/transaction.seller.go:27.128,28.52 1 0
github.com/Ralphbaer/hubla/backend/transaction/usecase/transaction.seller.go:28.52,30.3 1 0
github.com/Ralphbaer/hubla/backend/transaction/usecase/transaction.seller.go:32.2,33.16 2 0
github.com/Ralphbaer/hubla/backend/transaction/usecase/transaction.seller.go:33.16,35.3 1 0
github.com/Ralphbaer/hubla/backend/transaction/usecase/transaction.seller.go:36.2,36.19 1 0
github.com/Ralphbaer/hubla/backend/transaction/usecase/transaction.seller.go:36.19,38.3 1 0
github.com/Ralphbaer/hubla/backend/transaction/usecase/transaction.seller.go:40.2,40.23 1 0
github.com/Ralphbaer/hubla/backend/transaction/usecase/transaction.seller.go:43.134,49.56 2 0
github.com/Ralphbaer/hubla/backend/transaction/usecase/transaction.seller.go:49.56,51.3 1 0
github.com/Ralphbaer/hubla/backend/transaction/usecase/transaction.seller.go:53.2,53.23 1 0
github.com/Ralphbaer/hubla/backend/transaction/usecase/transaction.seller.go:56.118,64.16 3 0
github.com/Ralphbaer/hubla/backend/transaction/usecase/transaction.seller.go:64.16,66.3 1 0
github.com/Ralphbaer/hubla/backend/transaction/usecase/transaction.seller.go:68.2,70.12 2 0
github.com/Ralphbaer/hubla/backend/transaction/usecase/usecase_test.setup.go:14.97,23.2 1 1
github.com/Ralphbaer/hubla/backend/transaction/usecase/usecase_test.setup.go:25.91,39.2 4 1
github.com/Ralphbaer/hubla/backend/transaction/usecase/usecase_test.setup.go:41.79,65.2 6 1
github.com/Ralphbaer/hubla/backend/common/app.go:18.50,19.27 1 0
github.com/Ralphbaer/hubla/backend/common/app.go:19.27,21.3 1 0
github.com/Ralphbaer/hubla/backend/common/app.go:32.57,35.2 2 0
github.com/Ralphbaer/hubla/backend/common/app.go:38.26,47.32 5 0
github.com/Ralphbaer/hubla/backend/common/app.go:47.32,49.33 1 0
github.com/Ralphbaer/hubla/backend/common/app.go:49.33,53.37 3 0
github.com/Ralphbaer/hubla/backend/common/app.go:53.37,56.5 2 0
github.com/Ralphbaer/hubla/backend/common/app.go:58.4,60.61 2 0
github.com/Ralphbaer/hubla/backend/common/app.go:64.2,66.31 2 0
github.com/Ralphbaer/hubla/backend/common/app.go:70.52,78.27 2 0
github.com/Ralphbaer/hubla/backend/common/app.go:78.27,80.3 1 0
github.com/Ralphbaer/hubla/backend/common/app.go:82.2,82.10 1 0
github.com/Ralphbaer/hubla/backend/common/errors.go:17.68,23.2 1 0
github.com/Ralphbaer/hubla/backend/common/errors.go:26.80,32.2 1 0
github.com/Ralphbaer/hubla/backend/common/errors.go:35.45,36.40 1 0
github.com/Ralphbaer/hubla/backend/common/errors.go:36.40,37.44 1 0
github.com/Ralphbaer/hubla/backend/common/errors.go:37.44,39.4 1 0
github.com/Ralphbaer/hubla/backend/common/errors.go:40.3,40.57 1 0
github.com/Ralphbaer/hubla/backend/common/errors.go:40.57,42.4 1 0
github.com/Ralphbaer/hubla/backend/common/errors.go:43.3,43.28 1 0
github.com/Ralphbaer/hubla/backend/common/errors.go:45.2,45.18 1 0
github.com/Ralphbaer/hubla/backend/common/errors.go:49.45,51.2 1 0
github.com/Ralphbaer/hubla/backend/common/errors.go:62.41,63.37 1 0
github.com/Ralphbaer/hubla/backend/common/errors.go:63.37,65.3 1 0
github.com/Ralphbaer/hubla/backend/common/errors.go:66.2,66.18 1 0
github.com/Ralphbaer/hubla/backend/common/errors.go:70.41,72.2 1 0
github.com/Ralphbaer/hubla/backend/common/errors.go:82.45,83.56 1 0
github.com/Ralphbaer/hubla/backend/common/errors.go:83.56,85.3 1 0
github.com/Ralphbaer/hubla/backend/common/errors.go:86.2,86.18 1 0
github.com/Ralphbaer/hubla/backend/common/errors.go:90.45,92.2 1 0
github.com/Ralphbaer/hubla/backend/common/errors.go:101.43,103.2 1 0
github.com/Ralphbaer/hubla/backend/common/errors.go:112.40,114.2 1 0
github.com/Ralphbaer/hubla/backend/common/errors.go:123.53,125.2 1 0
github.com/Ralphbaer/hubla/backend/common/errors.go:134.35,136.2 1 0
github.com/Ralphbaer/hubla/backend/common/hSet.go:5.36,7.2 1 0
github.com/Ralphbaer/hubla/backend/common/hSet.go:9.30,11.2 1 0
github.com/Ralphbaer/hubla/backend/common/hSet.go:13.33,15.2 1 0
github.com/Ralphbaer/hubla/backend/common/hSet.go:17.35,20.2 2 0
github.com/Ralphbaer/hubla/backend/common/hash.go:8.52,13.2 4 0
github.com/Ralphbaer/hubla/backend/common/os.go:17.62,19.34 2 0
github.com/Ralphbaer/hubla/backend/common/os.go:19.34,21.3 1 0
github.com/Ralphbaer/hubla/backend/common/os.go:22.2,22.12 1 0
github.com/Ralphbaer/hubla/backend/common/os.go:29.62,32.16 3 1
github.com/Ralphbaer/hubla/backend/common/os.go:32.16,34.3 1 1
github.com/Ralphbaer/hubla/backend/common/os.go:35.2,35.12 1 1
github.com/Ralphbaer/hubla/backend/common/os.go:42.63,45.16 3 0
github.com/Ralphbaer/hubla/backend/common/os.go:45.16,47.3 1 0
github.com/Ralphbaer/hubla/backend/common/os.go:48.2,48.12 1 0
github.com/Ralphbaer/hubla/backend/common/os.go:64.43,67.24 3 0
github.com/Ralphbaer/hubla/backend/common/os.go:67.24,69.32 2 0
github.com/Ralphbaer/hubla/backend/common/os.go:69.32,70.42 1 0
github.com/Ralphbaer/hubla/backend/common/os.go:70.42,75.5 2 0
github.com/Ralphbaer/hubla/backend/common/os.go:75.10,80.5 2 0
github.com/Ralphbaer/hubla/backend/common/os.go:84.2,84.23 1 0
github.com/Ralphbaer/hubla/backend/common/os.go:90.48,93.29 3 0
github.com/Ralphbaer/hubla/backend/common/os.go:93.29,95.3 1 0
github.com/Ralphbaer/hubla/backend/common/os.go:96.2,97.36 2 0
github.com/Ralphbaer/hubla/backend/common/os.go:97.36,99.41 2 0
github.com/Ralphbaer/hubla/backend/common/os.go:99.41,101.23 2 0
github.com/Ralphbaer/hubla/backend/common/os.go:101.23,103.20 2 0
github.com/Ralphbaer/hubla/backend/common/os.go:103.20,104.31 1 0
github.com/Ralphbaer/hubla/backend/common/os.go:105.24,106.56 1 0
github.com/Ralphbaer/hubla/backend/common/os.go:107.82,108.50 1 0
github.com/Ralphbaer/hubla/backend/common/os.go:109.14,110.41 1 0
github.com/Ralphbaer/hubla/backend/common/os.go:117.2,117.12 1 0
github.com/Ralphbaer/hubla/backend/common/hmock/matcher.go:16.73,21.2 1 0
github.com/Ralphbaer/hubla/backend/common/hmock/matcher.go:24.49,26.45 2 1
github.com/Ralphbaer/hubla/backend/common/hmock/matcher.go:26.45,28.3 1 0
github.com/Ralphbaer/hubla/backend/common/hmock/matcher.go:29.2,30.40 2 1
github.com/Ralphbaer/hubla/backend/common/hmock/matcher.go:34.37,36.2 1 0
github.com/Ralphbaer/hubla/backend/common/net/http/doc.go:15.64,19.38 3 0
github.com/Ralphbaer/hubla/backend/common/net/http/doc.go:19.38,21.3 1 0
github.com/Ralphbaer/hubla/backend/common/net/http/doc.go:23.2,33.54 4 0
github.com/Ralphbaer/hubla/backend/common/net/http/handler.go:9.51,11.16 2 0
github.com/Ralphbaer/hubla/backend/common/net/http/handler.go:11.16,13.3 1 0
github.com/Ralphbaer/hubla/backend/common/net/http/handler.go:17.41,18.71 1 0
github.com/Ralphbaer/hubla/backend/common/net/http/handler.go:18.71,20.3 1 0
github.com/Ralphbaer/hubla/backend/common/net/http/httputils.go:9.44,11.15 2 0
github.com/Ralphbaer/hubla/backend/common/net/http/httputils.go:11.15,13.3 1 0
github.com/Ralphbaer/hubla/backend/common/net/http/httputils.go:14.2,14.16 1 0
github.com/Ralphbaer/hubla/backend/common/net/http/httputils.go:19.47,22.40 3 0
github.com/Ralphbaer/hubla/backend/common/net/http/httputils.go:22.40,24.3 1 0
github.com/Ralphbaer/hubla/backend/common/net/http/httputils.go:25.2,25.24 1 0
github.com/Ralphbaer/hubla/backend/common/net/http/httputils.go:25.24,27.27 2 0
github.com/Ralphbaer/hubla/backend/common/net/http/httputils.go:27.27,29.4 1 0
github.com/Ralphbaer/hubla/backend/common/net/http/httputils.go:30.3,30.18 1 0
github.com/Ralphbaer/hubla/backend/common/net/http/httputils.go:32.2,32.15 1 0
github.com/Ralphbaer/hubla/backend/common/net/http/response.go:9.58,14.2 1 0
github.com/Ralphbaer/hubla/backend/common/net/http/response.go:17.55,22.2 1 0
github.com/Ralphbaer/hubla/backend/common/net/http/response.go:25.55,27.2 1 0
github.com/Ralphbaer/hubla/backend/common/net/http/response.go:30.52,32.2 1 0
github.com/Ralphbaer/hubla/backend/common/net/http/response.go:35.47,37.2 1 0
github.com/Ralphbaer/hubla/backend/common/net/http/response.go:40.39,42.2 1 0
github.com/Ralphbaer/hubla/backend/common/net/http/response.go:45.53,47.2 1 0
github.com/Ralphbaer/hubla/backend/common/net/http/response.go:50.59,52.2 1 0
github.com/Ralphbaer/hubla/backend/common/net/http/response.go:55.49,57.2 1 0
github.com/Ralphbaer/hubla/backend/common/net/http/response.go:60.54,65.2 1 0
github.com/Ralphbaer/hubla/backend/common/net/http/response.go:68.54,73.2 1 0
github.com/Ralphbaer/hubla/backend/common/net/http/response.go:76.60,81.2 1 0
github.com/Ralphbaer/hubla/backend/common/net/http/response.go:84.65,89.2 1 0
github.com/Ralphbaer/hubla/backend/common/net/http/response.go:92.65,97.2 1 0
github.com/Ralphbaer/hubla/backend/common/net/http/response.go:100.66,102.2 1 0
github.com/Ralphbaer/hubla/backend/common/net/http/response.go:105.69,109.14 4 0
github.com/Ralphbaer/hubla/backend/common/net/http/response.go:109.14,112.3 2 0
github.com/Ralphbaer/hubla/backend/common/net/http/validate.go:8.86,10.11 2 0
github.com/Ralphbaer/hubla/backend/common/net/http/validate.go:10.11,13.28 2 0
github.com/Ralphbaer/hubla/backend/common/net/http/validate.go:13.28,15.4 1 0
github.com/Ralphbaer/hubla/backend/common/net/http/validate.go:17.3,17.16 1 0
github.com/Ralphbaer/hubla/backend/common/net/http/validate.go:19.2,19.12 1 0
github.com/Ralphbaer/hubla/backend/common/net/http/validate.go:23.42,26.16 3 0
github.com/Ralphbaer/hubla/backend/common/net/http/validate.go:26.16,29.3 2 0
github.com/Ralphbaer/hubla/backend/common/net/http/validate.go:30.2,30.12 1 0
github.com/Ralphbaer/hubla/backend/common/net/http/validate.go:33.95,39.2 1 0
github.com/Ralphbaer/hubla/backend/common/net/http/validate.go:42.58,42.77 1 0
github.com/Ralphbaer/hubla/backend/common/net/http/withBasicAuth.go:13.66,14.38 1 0
github.com/Ralphbaer/hubla/backend/common/net/http/withBasicAuth.go:14.38,15.137 1 0
github.com/Ralphbaer/hubla/backend/common/net/http/withBasicAuth.go:15.137,17.4 1 0
github.com/Ralphbaer/hubla/backend/common/net/http/withBasicAuth.go:18.3,18.15 1 0
github.com/Ralphbaer/hubla/backend/common/net/http/withBasicAuth.go:23.88,24.46 1 0
github.com/Ralphbaer/hubla/backend/common/net/http/withBasicAuth.go:24.46,25.72 1 0
github.com/Ralphbaer/hubla/backend/common/net/http/withBasicAuth.go:25.72,28.10 2 0
github.com/Ralphbaer/hubla/backend/common/net/http/withBasicAuth.go:28.10,29.33 1 0
github.com/Ralphbaer/hubla/backend/common/net/http/withBasicAuth.go:29.33,32.6 2 0
github.com/Ralphbaer/hubla/backend/common/net/http/withBasicAuth.go:35.4,39.6 2 0
github.com/Ralphbaer/hubla/backend/common/net/http/withBody.go:31.43,35.2 3 1
github.com/Ralphbaer/hubla/backend/common/net/http/withBody.go:38.76,42.26 3 0
github.com/Ralphbaer/hubla/backend/common/net/http/withBody.go:42.26,44.3 1 0
github.com/Ralphbaer/hubla/backend/common/net/http/withBody.go:44.8,46.3 1 0
github.com/Ralphbaer/hubla/backend/common/net/http/withBody.go:48.2,49.19 2 0
github.com/Ralphbaer/hubla/backend/common/net/http/withBody.go:49.19,51.3 1 0
github.com/Ralphbaer/hubla/backend/common/net/http/withBody.go:53.2,55.67 2 0
github.com/Ralphbaer/hubla/backend/common/net/http/withBody.go:55.67,58.3 2 0
github.com/Ralphbaer/hubla/backend/common/net/http/withBody.go:60.2,60.66 1 0
github.com/Ralphbaer/hubla/backend/common/net/http/withBody.go:60.66,63.3 2 0
github.com/Ralphbaer/hubla/backend/common/net/http/withBody.go:65.2,65.42 1 0
github.com/Ralphbaer/hubla/backend/common/net/http/withBody.go:65.42,68.3 2 0
github.com/Ralphbaer/hubla/backend/common/net/http/withBody.go:70.2,71.47 2 0
github.com/Ralphbaer/hubla/backend/common/net/http/withBody.go:75.64,80.2 1 0
github.com/Ralphbaer/hubla/backend/common/net/http/withBody.go:82.51,85.16 3 0
github.com/Ralphbaer/hubla/backend/common/net/http/withBody.go:85.16,90.3 1 0
github.com/Ralphbaer/hubla/backend/common/net/http/withBody.go:91.2,91.12 1 0
github.com/Ralphbaer/hubla/backend/common/net/http/withCORS.go:19.47,20.71 1 0
github.com/Ralphbaer/hubla/backend/common/net/http/withCORS.go:20.71,27.3 5 0
github.com/Ralphbaer/hubla/backend/common/net/http/withCORS.go:31.46,33.86 2 0
github.com/Ralphbaer/hubla/backend/common/net/http/withCORS.go:33.86,35.3 1 0
github.com/Ralphbaer/hubla/backend/common/net/http/withCorrelationID.go:10.56,11.71 1 0
github.com/Ralphbaer/hubla/backend/common/net/http/withCorrelationID.go:11.71,15.3 3 0
github.com/Ralphbaer/hubla/backend/common/net/http/withError.go:17.39,19.2 1 0
github.com/Ralphbaer/hubla/backend/common/net/http/withError.go:29.41,31.2 1 0
github.com/Ralphbaer/hubla/backend/common/net/http/withError.go:37.50,38.25 1 0
github.com/Ralphbaer/hubla/backend/common/net/http/withError.go:39.34,40.25 1 0
github.com/Ralphbaer/hubla/backend/common/net/http/withError.go:41.34,42.25 1 0
github.com/Ralphbaer/hubla/backend/common/net/http/withError.go:43.30,48.5 1 0
github.com/Ralphbaer/hubla/backend/common/net/http/withError.go:49.42,50.36 1 0
github.com/Ralphbaer/hubla/backend/common/net/http/withError.go:51.32,52.29 1 0
github.com/Ralphbaer/hubla/backend/common/net/http/withError.go:53.29,54.26 1 0
github.com/Ralphbaer/hubla/backend/common/net/http/withError.go:55.41,56.19 1 0
github.com/Ralphbaer/hubla/backend/common/net/http/withError.go:57.21,59.29 2 0
github.com/Ralphbaer/hubla/backend/common/net/http/withError.go:60.10,61.36 1 0
github.com/Ralphbaer/hubla/backend/common/net/http/withLogging.go:42.58,45.2 2 0
github.com/Ralphbaer/hubla/backend/common/net/http/withLogging.go:48.69,49.25 1 0
github.com/Ralphbaer/hubla/backend/common/net/http/withLogging.go:49.25,51.3 1 0
github.com/Ralphbaer/hubla/backend/common/net/http/withLogging.go:53.2,57.18 4 0
github.com/Ralphbaer/hubla/backend/common/net/http/withLogging.go:61.74,64.23 2 0
github.com/Ralphbaer/hubla/backend/common/net/http/withLogging.go:64.23,65.48 1 0
github.com/Ralphbaer/hubla/backend/common/net/http/withLogging.go:65.48,67.4 1 0
github.com/Ralphbaer/hubla/backend/common/net/http/withLogging.go:70.2,70.35 1 0
github.com/Ralphbaer/hubla/backend/common/net/http/withLogging.go:70.35,72.3 1 0
github.com/Ralphbaer/hubla/backend/common/net/http/withLogging.go:74.2,76.25 2 0
github.com/Ralphbaer/hubla/backend/common/net/http/withLogging.go:76.25,79.17 2 0
github.com/Ralphbaer/hubla/backend/common/net/http/withLogging.go:79.17,82.4 2 0
github.com/Ralphbaer/hubla/backend/common/net/http/withLogging.go:85.2,96.3 1 0
github.com/Ralphbaer/hubla/backend/common/net/http/withLogging.go:101.42,114.2 1 0
github.com/Ralphbaer/hubla/backend/common/net/http/withLogging.go:117.39,119.2 1 0
github.com/Ralphbaer/hubla/backend/common/net/http/withLogging.go:121.51,129.2 1 0
github.com/Ralphbaer/hubla/backend/common/net/http/withLogging.go:131.77,139.2 1 0
github.com/Ralphbaer/hubla/backend/common/net/http/withLogging.go:143.69,147.2 3 0
github.com/Ralphbaer/hubla/backend/common/net/http/withLogging.go:157.57,158.32 1 0
github.com/Ralphbaer/hubla/backend/common/net/http/withLogging.go:158.32,160.3 1 0
github.com/Ralphbaer/hubla/backend/common/net/http/withLogging.go:164.60,169.27 2 0
github.com/Ralphbaer/hubla/backend/common/net/http/withLogging.go:169.27,171.3 1 0
github.com/Ralphbaer/hubla/backend/common/net/http/withLogging.go:173.2,173.12 1 0
github.com/Ralphbaer/hubla/backend/common/net/http/withLogging.go:179.80,180.46 1 0
github.com/Ralphbaer/hubla/backend/common/net/http/withLogging.go:180.46,181.72 1 0
github.com/Ralphbaer/hubla/backend/common/net/http/withLogging.go:181.72,202.4 10 0
